nov 03, 2020 9:28:24 AM Code.Server finishTurn
INFORMACIÓN: Waiting for a message
nov 03, 2020 9:28:35 AM Code.Server finishTurn
INFORMACIÓN: Incoming message detected
nov 03, 2020 9:28:35 AM Main update
INFORMACIÓN: Is your turn, the host does the first play
nov 03, 2020 9:28:41 AM Code.Client sendMessage
INFORMACIÓN: Sending message...
nov 03, 2020 9:28:41 AM Code.Client sendMessage
INFORMACIÓN: Message sent
nov 03, 2020 9:28:41 AM Code.Server finishTurn
INFORMACIÓN: Waiting for a message
nov 03, 2020 9:28:42 AM Code.Server finishTurn
INFORMACIÓN: Incoming message detected
nov 03, 2020 9:28:48 AM Code.Client sendMessage
INFORMACIÓN: Sending message...
nov 03, 2020 9:28:48 AM Code.Client sendMessage
INFORMACIÓN: Message sent
nov 03, 2020 9:28:48 AM Code.Server finishTurn
INFORMACIÓN: Waiting for a message
nov 03, 2020 9:28:52 AM Code.Server finishTurn
INFORMACIÓN: Incoming message detected
nov 03, 2020 9:29:02 AM Code.Client sendMessage
INFORMACIÓN: Sending message...
nov 03, 2020 9:29:02 AM Code.Client sendMessage
INFORMACIÓN: Message sent
nov 03, 2020 9:29:02 AM Code.Server finishTurn
INFORMACIÓN: Waiting for a message
nov 03, 2020 9:29:02 AM Code.Server finishTurn
INFORMACIÓN: Incoming message detected
